SF:lib/data/character_list/repository/character_list_repository_impl.dart
DA:9,1
DA:11,1
DA:13,2
DA:14,5
LF:4
LH:4
end_of_record
SF:lib/data/character_list/model/character_dto.dart
DA:27,0
DA:31,4
DA:32,2
DA:33,2
DA:34,2
DA:35,2
DA:36,2
DA:37,2
DA:38,2
DA:39,2
DA:40,2
DA:41,4
DA:42,4
LF:13
LH:12
end_of_record
SF:lib/data/character_list/model/character_dto.g.dart
DA:9,0
DA:10,0
DA:11,0
DA:12,0
DA:13,0
DA:14,0
DA:15,0
DA:16,0
DA:17,0
DA:18,0
DA:19,0
DA:20,0
DA:21,0
DA:24,0
DA:25,0
DA:26,0
DA:27,0
DA:28,0
DA:29,0
DA:30,0
DA:31,0
DA:32,0
DA:33,0
DA:34,0
DA:35,0
DA:36,0
LF:26
LH:0
end_of_record
SF:lib/data/character_list/model/character_list_dto.dart
DA:15,0
LF:1
LH:0
end_of_record
SF:lib/data/character_list/model/character_list_dto.g.dart
DA:9,0
DA:10,0
DA:11,0
DA:12,0
DA:13,0
DA:14,0
DA:17,0
DA:18,0
DA:19,0
DA:20,0
LF:10
LH:0
end_of_record
SF:lib/data/character_list/model/info_dto.dart
DA:16,0
LF:1
LH:0
end_of_record
SF:lib/data/character_list/model/info_dto.g.dart
DA:9,0
DA:10,0
DA:11,0
DA:12,0
DA:15,0
DA:16,0
DA:17,0
DA:18,0
DA:19,0
LF:9
LH:0
end_of_record
SF:lib/data/character_list/model/location_dto.dart
DA:14,0
LF:1
LH:0
end_of_record
SF:lib/data/character_list/model/location_dto.g.dart
DA:9,0
DA:10,0
DA:11,0
DA:12,0
DA:15,0
DA:16,0
DA:17,0
DA:18,0
LF:8
LH:0
end_of_record
SF:lib/domain/character_list/character_model.dart
DA:9,5
DA:25,0
DA:26,0
DA:29,0
DA:30,0
DA:32,0
LF:6
LH:1
end_of_record
SF:lib/data/character_detail/api_service/character_detail_api_service.g.dart
DA:12,0
DA:21,0
DA:24,0
DA:25,0
DA:26,0
DA:27,0
DA:28,0
DA:33,0
DA:34,0
DA:35,0
DA:39,0
DA:40,0
DA:44,0
DA:45,0
DA:46,0
DA:47,0
DA:48,0
DA:49,0
DA:51,0
LF:19
LH:0
end_of_record
SF:lib/data/character_list/api_service/character_list_api_service.g.dart
DA:12,0
DA:21,0
DA:24,0
DA:25,0
DA:26,0
DA:27,0
DA:28,0
DA:33,0
DA:34,0
DA:39,0
DA:40,0
DA:44,0
DA:45,0
DA:46,0
DA:47,0
DA:48,0
DA:49,0
DA:51,0
LF:18
LH:0
end_of_record
SF:lib/data/common/error_dto.dart
DA:14,0
DA:18,0
LF:2
LH:0
end_of_record
SF:lib/data/common/error_dto.g.dart
DA:9,0
DA:10,0
DA:13,0
DA:14,0
DA:15,0
LF:5
LH:0
end_of_record
SF:lib/presentation/character_list/character_list_bloc.dart
DA:22,1
DA:23,1
DA:25,1
DA:26,4
DA:30,2
DA:31,4
DA:32,1
DA:33,5
DA:37,1
DA:38,5
DA:39,1
LF:11
LH:11
end_of_record
SF:lib/presentation/utils/error_handler.dart
DA:5,2
DA:7,2
DA:9,0
DA:10,0
DA:11,0
LF:5
LH:2
end_of_record
SF:lib/data/character_detail/repository/character_detail_repository_impl.dart
DA:9,1
DA:11,1
DA:13,2
DA:14,1
LF:4
LH:4
end_of_record
SF:lib/presentation/character_detail/character_detail_bloc.dart
DA:25,1
DA:26,1
DA:28,1
DA:29,1
DA:30,1
DA:31,1
DA:34,2
DA:36,1
DA:37,4
DA:39,3
DA:40,4
DA:41,1
DA:42,5
LF:13
LH:13
end_of_record
