SF:lib/data/character_list/repository/character_list_repository_impl.dart
DA:9,1
DA:11,1
DA:13,2
DA:14,5
LF:4
LH:4
end_of_record
SF:lib/data/character_list/model/character_dto.dart
DA:27,0
DA:31,4
DA:32,2
DA:33,2
DA:34,2
DA:35,2
DA:36,2
DA:37,2
DA:38,2
DA:39,2
DA:40,2
DA:41,4
DA:42,4
LF:13
LH:12
end_of_record
SF:lib/data/character_list/model/character_dto.g.dart
DA:9,0
DA:10,0
DA:11,0
DA:12,0
DA:13,0
DA:14,0
DA:15,0
DA:16,0
DA:17,0
DA:18,0
DA:19,0
DA:20,0
DA:21,0
DA:24,0
DA:25,0
DA:26,0
DA:27,0
DA:28,0
DA:29,0
DA:30,0
DA:31,0
DA:32,0
DA:33,0
DA:34,0
DA:35,0
DA:36,0
LF:26
LH:0
end_of_record
SF:lib/data/character_list/model/character_list_dto.dart
DA:15,0
LF:1
LH:0
end_of_record
SF:lib/data/character_list/model/character_list_dto.g.dart
DA:9,0
DA:10,0
DA:11,0
DA:12,0
DA:13,0
DA:14,0
DA:17,0
DA:18,0
DA:19,0
DA:20,0
LF:10
LH:0
end_of_record
SF:lib/data/character_list/model/info_dto.dart
DA:16,0
LF:1
LH:0
end_of_record
SF:lib/data/character_list/model/info_dto.g.dart
DA:9,0
DA:10,0
DA:11,0
DA:12,0
DA:15,0
DA:16,0
DA:17,0
DA:18,0
DA:19,0
LF:9
LH:0
end_of_record
SF:lib/data/character_list/model/location_dto.dart
DA:14,0
LF:1
LH:0
end_of_record
SF:lib/data/character_list/model/location_dto.g.dart
DA:9,0
DA:10,0
DA:11,0
DA:12,0
DA:15,0
DA:16,0
DA:17,0
DA:18,0
LF:8
LH:0
end_of_record
SF:lib/data/character_detail/api_service/character_detail_api_service.g.dart
DA:12,0
DA:21,0
DA:24,0
DA:25,0
DA:26,0
DA:27,0
DA:28,0
DA:33,0
DA:34,0
DA:35,0
DA:39,0
DA:40,0
DA:44,0
DA:45,0
DA:46,0
DA:47,0
DA:48,0
DA:49,0
DA:51,0
LF:19
LH:0
end_of_record
SF:lib/data/character_list/api_service/character_list_api_service.g.dart
DA:12,0
DA:21,0
DA:24,0
DA:25,0
DA:26,0
DA:27,0
DA:28,0
DA:33,0
DA:34,0
DA:39,0
DA:40,0
DA:44,0
DA:45,0
DA:46,0
DA:47,0
DA:48,0
DA:49,0
DA:51,0
LF:18
LH:0
end_of_record
SF:lib/domain/character_list/character_model.dart
DA:9,2
DA:25,0
DA:26,0
DA:29,0
DA:30,0
DA:32,0
LF:6
LH:1
end_of_record
SF:lib/data/common/error_dto.dart
DA:14,0
DA:18,0
LF:2
LH:0
end_of_record
SF:lib/data/common/error_dto.g.dart
DA:9,0
DA:10,0
DA:13,0
DA:14,0
DA:15,0
LF:5
LH:0
end_of_record
SF:lib/presentation/character_list/character_list_bloc.dart
DA:23,1
DA:24,1
DA:26,1
DA:27,4
DA:31,2
DA:32,4
DA:34,5
DA:38,0
DA:39,0
DA:40,0
LF:10
LH:7
end_of_record
SF:lib/presentation/utils/error_handler.dart
DA:5,2
DA:7,2
DA:9,0
DA:10,0
DA:11,0
LF:5
LH:2
end_of_record
SF:lib/data/character_detail/repository/character_detail_repository_impl.dart
DA:9,1
DA:11,1
DA:13,2
DA:14,1
LF:4
LH:4
end_of_record
SF:lib/config/api_config.dart
DA:6,0
DA:11,0
LF:2
LH:0
end_of_record
SF:lib/presentation/character_detail/character_detail_bloc.dart
DA:26,1
DA:27,1
DA:29,1
DA:30,1
DA:31,1
DA:32,1
DA:35,2
DA:37,1
DA:38,4
DA:40,3
DA:41,4
DA:43,5
LF:12
LH:12
end_of_record
SF:lib/config/di/di.config.dart
DA:34,0
DA:39,0
DA:44,0
DA:45,0
DA:46,0
DA:47,0
DA:48,0
DA:49,0
DA:50,0
DA:51,0
DA:52,0
DA:53,0
DA:54,0
DA:56,0
DA:57,0
DA:58,0
DA:59,0
DA:60,0
DA:61,0
DA:63,0
DA:64,0
DA:65,0
DA:66,0
DA:73,0
DA:75,0
DA:79,0
DA:83,0
DA:85,0
DA:86,0
DA:87,0
DA:89,0
DA:93,0
DA:97,0
DA:99,0
DA:100,0
DA:102,0
LF:36
LH:0
end_of_record
SF:lib/data/services_impl/default_orientation_service.dart
DA:6,0
DA:8,0
DA:10,0
DA:13,0
DA:16,0
DA:19,0
DA:22,0
DA:24,0
LF:8
LH:0
end_of_record
SF:lib/config/di/netwoking_module.dart
DA:12,0
DA:13,0
DA:14,0
DA:15,0
DA:18,0
DA:20,0
DA:22,0
DA:24,0
LF:8
LH:0
end_of_record
SF:lib/config/di/di.dart
DA:7,0
DA:9,0
DA:11,0
DA:12,0
DA:15,0
LF:5
LH:0
end_of_record
SF:lib/presentation/app.dart
DA:7,0
DA:9,0
DA:11,0
DA:12,0
DA:13,0
LF:5
LH:0
end_of_record
SF:lib/presentation/theme.dart
DA:4,0
DA:5,0
LF:2
LH:0
end_of_record
SF:lib/presentation/character_list/character_list_page.dart
DA:14,0
DA:16,0
DA:18,0
DA:19,0
DA:23,0
DA:24,0
DA:25,0
DA:26,0
DA:27,0
DA:29,0
DA:34,0
DA:35,0
DA:36,0
DA:37,0
DA:38,0
DA:39,0
DA:40,0
DA:41,0
DA:42,0
DA:43,0
DA:44,0
DA:45,0
DA:46,0
DA:51,0
DA:52,0
DA:53,0
DA:54,0
DA:55,0
DA:56,0
DA:59,0
DA:60,0
DA:61,0
DA:62,0
DA:64,0
DA:65,0
DA:74,0
DA:75,0
DA:76,0
DA:77,0
LF:39
LH:0
end_of_record
SF:lib/presentation/character_detail/character_detail_page.dart
DA:12,2
DA:14,0
DA:16,0
DA:18,0
DA:22,0
DA:23,0
DA:24,0
DA:26,0
DA:27,0
DA:28,0
DA:29,0
DA:30,0
DA:33,0
DA:39,0
DA:40,0
DA:41,0
DA:42,0
DA:43,0
DA:44,0
DA:45,0
DA:46,0
DA:47,0
DA:48,0
DA:49,0
DA:50,0
DA:51,0
DA:56,0
DA:57,0
DA:60,0
DA:61,0
DA:63,0
DA:65,0
DA:66,0
DA:67,0
DA:68,0
DA:69,0
DA:71,0
DA:72,0
DA:73,0
DA:76,0
DA:79,0
DA:81,0
DA:82,0
DA:83,0
DA:84,0
DA:87,0
DA:90,0
DA:91,0
DA:92,0
DA:95,0
DA:96,0
DA:97,0
DA:99,0
DA:102,0
DA:103,0
DA:104,0
DA:109,0
DA:112,0
DA:114,0
DA:119,0
DA:122,0
DA:123,0
DA:124,0
DA:127,0
DA:130,0
DA:132,0
DA:137,0
DA:140,0
DA:141,0
DA:142,0
LF:70
LH:1
end_of_record
SF:lib/presentation/common_widgets/custom_app_bar.dart
DA:9,0
DA:11,0
DA:13,0
DA:14,0
DA:17,0
DA:19,0
DA:20,0
DA:21,0
DA:22,0
DA:23,0
DA:24,0
DA:25,0
DA:26,0
DA:33,0
DA:34,0
DA:37,0
LF:16
LH:0
end_of_record
SF:lib/presentation/common_widgets/empty_body.dart
DA:7,0
DA:9,0
DA:11,0
DA:12,0
DA:13,0
DA:14,0
DA:15,0
LF:7
LH:0
end_of_record
SF:lib/presentation/common_widgets/loading_body.dart
DA:5,0
DA:7,0
DA:9,0
DA:10,0
DA:11,0
LF:5
LH:0
end_of_record
SF:lib/presentation/character_list/components/character_list_item.dart
DA:14,0
DA:16,0
DA:18,0
DA:19,0
DA:20,0
DA:21,0
DA:22,0
DA:23,0
DA:24,0
DA:30,0
DA:32,0
DA:34,0
DA:35,0
DA:36,0
DA:37,0
DA:38,0
DA:39,0
DA:40,0
DA:41,0
DA:47,0
DA:50,0
DA:51,0
DA:53,0
DA:55,0
DA:56,0
DA:57,0
DA:61,0
DA:63,0
DA:66,0
DA:67,0
DA:68,0
DA:71,0
DA:72,0
DA:73,0
DA:75,0
DA:78,0
DA:79,0
DA:82,0
DA:87,0
DA:90,0
DA:94,0
DA:99,0
DA:100,0
DA:104,0
DA:106,0
DA:109,0
DA:113,0
DA:118,0
DA:119,0
DA:123,0
LF:50
LH:0
end_of_record
